<?xml version="1.0" encoding="UTF-8"?>
<testng-results ignored="0" total="2" passed="2" failed="0" skipped="0">
  <reporter-output>
  </reporter-output>
  <suite started-at="2022-10-20T14:17:16 IST" name="Default suite" finished-at="2022-10-20T14:17:22 IST" duration-ms="6372">
    <groups>
    </groups>
    <test started-at="2022-10-20T14:17:16 IST" name="Default test" finished-at="2022-10-20T14:17:22 IST" duration-ms="6372">
      <class name="com.KeywordDriven">
        <test-method signature="test(java.lang.String,java.lang.String,java.lang.String,java.lang.String,java.lang.String)[pri:0, instance:com.KeywordDriven@6e6f2380]" started-at="2022-10-20T14:17:17 IST" name="test" data-provider="dp" finished-at="2022-10-20T14:17:21 IST" duration-ms="4419" status="PASS">
          <params>
            <param index="0">
              <value>
                <![CDATA[open browser]]>
              </value>
            </param>
            <param index="1">
              <value>
                <![CDATA[browser]]>
              </value>
            </param>
            <param index="2">
              <value>
                <![CDATA[NA]]>
              </value>
            </param>
            <param index="3">
              <value>
                <![CDATA[NA]]>
              </value>
            </param>
            <param index="4">
              <value>
                <![CDATA[ff]]>
              </value>
            </param>
          </params>
          <reporter-output>
          </reporter-output>
        </test-method> <!-- test -->
        <test-method signature="test(java.lang.String,java.lang.String,java.lang.String,java.lang.String,java.lang.String)[pri:0, instance:com.KeywordDriven@6e6f2380]" started-at="2022-10-20T14:17:21 IST" name="test" data-provider="dp" finished-at="2022-10-20T14:17:22 IST" duration-ms="442" status="PASS">
          <params>
            <param index="0">
              <value>
                <![CDATA[open url]]>
              </value>
            </param>
            <param index="1">
              <value>
                <![CDATA[url]]>
              </value>
            </param>
            <param index="2">
              <value>
                <![CDATA[NA]]>
              </value>
            </param>
            <param index="3">
              <value>
                <![CDATA[NA]]>
              </value>
            </param>
            <param index="4">
              <value>
                <![CDATA[https://topsint.com/topserp/]]>
              </value>
            </param>
          </params>
          <reporter-output>
          </reporter-output>
        </test-method> <!-- test -->
      </class> <!-- com.KeywordDriven -->
    </test> <!-- Default test -->
  </suite> <!-- Default suite -->
</testng-results>
