<?xml version="1.0" encoding="UTF-8"?>
<!-- Generated by org.testng.reporters.JUnitXMLReporter -->
<testsuite ignored="0" hostname="DESKTOP-ISADT93" failures="0" tests="3" name="Default test" time="0.113" errors="0" timestamp="2022-10-13T13:48:17 IST">
  <testcase classname="dependency.MyTest" name="logintest" time="0.015"/>
  <testcase classname="dependency.MyTest" name="home" time="0.002"/>
  <testcase classname="dependency.MyTest" name="logout" time="0.002"/>
</testsuite> <!-- Default test -->
