<?xml version="1.0" encoding="UTF-8"?>
<!-- Generated by org.testng.reporters.JUnitXMLReporter -->
<testsuite ignored="0" hostname="DESKTOP-ISADT93" failures="1" tests="1" name="Test" time="3.81" errors="0" timestamp="2022-10-13T14:40:36 IST">
  <testcase classname="listener.FbTest" name="titleCheck" time="3.612">
    <failure type="java.lang.AssertionError" message="expected [Facebook – log in or sign up] but found [FB]">
      <![CDATA[java.lang.AssertionError: expected [Facebook – log in or sign up] but found [FB]
at listener.FbTest.titleCheck(FbTest.java:19)
at java.base/java.util.ArrayList.forEach(ArrayList.java:1541)
... Removed 33 stack frames]]>
    </failure>
  </testcase> <!-- titleCheck -->
</testsuite> <!-- Test -->
