<?xml version="1.0" encoding="UTF-8"?>
<!-- Generated by org.testng.reporters.JUnitXMLReporter -->
<testsuite ignored="0" hostname="DESKTOP-ISADT93" failures="0" tests="9" name="Test1" time="0.253" errors="0" timestamp="2022-10-11T14:04:10 IST">
  <testcase classname="com.T001_Bank" name="deposite" time="0.006"/>
  <testcase classname="com.T001_Bank" name="getBalance" time="0.004"/>
  <testcase classname="com.T001_Bank" name="widrow" time="0.002"/>
  <testcase classname="com.T002_Payment" name="cod" time="0.017"/>
  <testcase classname="com.T002_Payment" name="creditCard" time="0.003"/>
  <testcase classname="com.T002_Payment" name="debitCard" time="0.003"/>
  <testcase classname="com.T003_MyWeb" name="home" time="0.007"/>
  <testcase classname="com.T003_MyWeb" name="login" time="0.005"/>
  <testcase classname="com.T003_MyWeb" name="logout" time="0.002"/>
</testsuite> <!-- Test1 -->
